[debug] [2018-01-12T11:28:05.727Z] ----------------------------------------------------------------------
[debug] [2018-01-12T11:28:05.727Z] Command:       C:\Program Files\nodejs\node.exe C:\Users\Ire\AppData\Roaming\npm\node_modules\firebase-tools\bin\firebase serve
[debug] [2018-01-12T11:28:05.727Z] CLI Version:   3.16.0
[debug] [2018-01-12T11:28:05.727Z] Platform:      win32
[debug] [2018-01-12T11:28:05.727Z] Node Version:  v8.9.3
[debug] [2018-01-12T11:28:05.727Z] Time:          Fri Jan 12 2018 08:28:05 GMT-0300 (Pacific SA Daylight Time)
[debug] [2018-01-12T11:28:05.727Z] ----------------------------------------------------------------------
[debug] 
[debug] [2018-01-12T11:28:05.743Z] > command requires scopes: ["email","openid","https://www.googleapis.com/auth/cloudplatformprojects.readonly","https://www.googleapis.com/auth/firebase","https://www.googleapis.com/auth/cloud-platform"]
[debug] [2018-01-12T11:28:05.743Z] > authorizing via signed-in user
[debug] [2018-01-12T11:28:05.743Z] > refreshing access token with scopes: ["email","https://www.googleapis.com/auth/cloud-platform","https://www.googleapis.com/auth/cloudplatformprojects.readonly","https://www.googleapis.com/auth/firebase","openid"]
[debug] [2018-01-12T11:28:05.743Z] >>> HTTP REQUEST POST https://www.googleapis.com/oauth2/v3/token  
 { refresh_token: '1/q1wHppLrx7d1IIV-tDV3go2RyJzRKUyjnl3bz4RJe0AhWHBvwoW-E_7lmHy-7PnT',
  client_id: '563584335869-fgrhgmd47bqnekij5i8b5pr03ho849e6.apps.googleusercontent.com',
  client_secret: 'j9iVZfS8kkCEFUPaAeJV0sAi',
  grant_type: 'refresh_token',
  scope: 'email https://www.googleapis.com/auth/cloud-platform https://www.googleapis.com/auth/cloudplatformprojects.readonly https://www.googleapis.com/auth/firebase openid' } 
 Fri Jan 12 2018 08:28:05 GMT-0300 (Pacific SA Daylight Time)
[debug] [2018-01-12T11:28:06.250Z] <<< HTTP RESPONSE 200
[debug] [2018-01-12T11:28:06.266Z] >>> HTTP REQUEST GET https://admin.firebase.com/v1/projects/cinematizalo  
  
 Fri Jan 12 2018 08:28:06 GMT-0300 (Pacific SA Daylight Time)
[debug] [2018-01-12T11:28:06.985Z] <<< HTTP RESPONSE 200
[debug] [2018-01-12T11:28:06.985Z] >>> HTTP REQUEST GET https://admin.firebase.com/v1/database/cinematizalo/tokens  
  
 Fri Jan 12 2018 08:28:06 GMT-0300 (Pacific SA Daylight Time)
[debug] [2018-01-12T11:28:07.635Z] <<< HTTP RESPONSE 200
[info] 
[info] === Serving from 'C:\Users\Ire\Desktop\cinema prueba\cinematizalo'...
[info] 
[debug] [2018-01-12T11:28:07.642Z] >>> HTTP REQUEST GET https://cloudresourcemanager.googleapis.com/v1/projects/cinematizalo  
  
 Fri Jan 12 2018 08:28:07 GMT-0300 (Pacific SA Daylight Time)
[debug] [2018-01-12T11:28:08.544Z] <<< HTTP RESPONSE 200
[debug] [2018-01-12T11:28:08.544Z] >>> HTTP REQUEST GET https://mobilesdk-pa.googleapis.com/v1/projects/479197871140/clients/_:getWebAppConfig  
  
 Fri Jan 12 2018 08:28:08 GMT-0300 (Pacific SA Daylight Time)
[debug] [2018-01-12T11:28:09.690Z] <<< HTTP RESPONSE 200
[info] i  hosting: Serving hosting files from: ./
[info] +  hosting: Local server: http://localhost:5000

